<?xml version="1.0" encoding="UTF-8"?>
<!-- Generated by org.testng.reporters.JUnitReportReporter -->
<testsuite hostname="WIN10G-MVD9EC2M" failures="0" tests="1" name="TestMethods.PostMethod" time="0.823" errors="0" timestamp="30 Sep 2019 09:16:27 GMT" skipped="0">
  <testcase classname="TestMethods.PostMethod" name="postMethod" time="0.823"/>
</testsuite> <!-- TestMethods.PostMethod -->
